# JRE version: Java(TM) SE Runtime Environment (8.0_202-b08) (build 1.8.0_202-b08)
# Java VM: Java HotSpot(TM) 64-Bit Server VM (25.202-b08 mixed mode windows-amd64 compressed oops)
Heap:
 PSYoungGen      total 22016K, used 7547K [0x00000000eac00000, 0x00000000ec700000, 0x0000000100000000)
  eden space 16384K, 37% used [0x00000000eac00000,0x00000000eb1f6c48,0x00000000ebc00000)
  from space 5632K, 25% used [0x00000000ebc00000,0x00000000ebd68010,0x00000000ec180000)
  to   space 5632K, 0% used [0x00000000ec180000,0x00000000ec180000,0x00000000ec700000)
 ParOldGen       total 44032K, used 7984K [0x00000000c0400000, 0x00000000c2f00000, 0x00000000eac00000)
  object space 44032K, 18% used [0x00000000c0400000,0x00000000c0bcc1f8,0x00000000c2f00000)
 Metaspace       used 18128K, capacity 19020K, committed 19200K, reserved 1067008K
  class space    used 2204K, capacity 2440K, committed 2560K, reserved 1048576K
GC Heap History (10 events):
Event: 10.487 GC heap before
{Heap before GC invocations=3 (full 0):
 PSYoungGen      total 18944K, used 18912K [0x00000000eac00000, 0x00000000ec100000, 0x0000000100000000)
  eden space 16384K, 100% used [0x00000000eac00000,0x00000000ebc00000,0x00000000ebc00000)
  from space 2560K, 98% used [0x00000000ebe80000,0x00000000ec0f8030,0x00000000ec100000)
  to   space 2560K, 0% used [0x00000000ebc00000,0x00000000ebc00000,0x00000000ebe80000)
 ParOldGen       total 44032K, used 1663K [0x00000000c0400000, 0x00000000c2f00000, 0x00000000eac00000)
  object space 44032K, 3% used [0x00000000c0400000,0x00000000c059fc18,0x00000000c2f00000)
 Metaspace       used 13846K, capacity 14366K, committed 14720K, reserved 1062912K
  class space    used 1660K, capacity 1807K, committed 1920K, reserved 1048576K
Event: 10.490 GC heap after
Heap after GC invocations=3 (full 0):
 PSYoungGen      total 18944K, used 2535K [0x00000000eac00000, 0x00000000ec100000, 0x0000000100000000)
  eden space 16384K, 0% used [0x00000000eac00000,0x00000000eac00000,0x00000000ebc00000)
  from space 2560K, 99% used [0x00000000ebc00000,0x00000000ebe79d00,0x00000000ebe80000)
  to   space 2560K, 0% used [0x00000000ebe80000,0x00000000ebe80000,0x00000000ec100000)
 ParOldGen       total 44032K, used 3545K [0x00000000c0400000, 0x00000000c2f00000, 0x00000000eac00000)
  object space 44032K, 8% used [0x00000000c0400000,0x00000000c0776588,0x00000000c2f00000)
 Metaspace       used 13846K, capacity 14366K, committed 14720K, reserved 1062912K
  class space    used 1660K, capacity 1807K, committed 1920K, reserved 1048576K
}
Event: 50.663 GC heap before
{Heap before GC invocations=4 (full 0):
 PSYoungGen      total 18944K, used 18919K [0x00000000eac00000, 0x00000000ec100000, 0x0000000100000000)
  eden space 16384K, 100% used [0x00000000eac00000,0x00000000ebc00000,0x00000000ebc00000)
  from space 2560K, 99% used [0x00000000ebc00000,0x00000000ebe79d00,0x00000000ebe80000)
  to   space 2560K, 0% used [0x00000000ebe80000,0x00000000ebe80000,0x00000000ec100000)
 ParOldGen       total 44032K, used 3545K [0x00000000c0400000, 0x00000000c2f00000, 0x00000000eac00000)
  object space 44032K, 8% used [0x00000000c0400000,0x00000000c0776588,0x00000000c2f00000)
 Metaspace       used 16427K, capacity 17176K, committed 17408K, reserved 1064960K
  class space    used 2030K, capacity 2234K, committed 2304K, reserved 1048576K
Event: 50.667 GC heap after
Heap after GC invocations=4 (full 0):
 PSYoungGen      total 18944K, used 2528K [0x00000000eac00000, 0x00000000ec100000, 0x0000000100000000)
  eden space 16384K, 0% used [0x00000000eac00000,0x00000000eac00000,0x00000000ebc00000)
  from space 2560K, 98% used [0x00000000ebe80000,0x00000000ec0f8030,0x00000000ec100000)
  to   space 2560K, 0% used [0x00000000ebc00000,0x00000000ebc00000,0x00000000ebe80000)
 ParOldGen       total 44032K, used 5639K [0x00000000c0400000, 0x00000000c2f00000, 0x00000000eac00000)
  object space 44032K, 12% used [0x00000000c0400000,0x00000000c0981e38,0x00000000c2f00000)
 Metaspace       used 16427K, capacity 17176K, committed 17408K, reserved 1064960K
  class space    used 2030K, capacity 2234K, committed 2304K, reserved 1048576K
}
Event: 88.786 GC heap before
{Heap before GC invocations=5 (full 0):
 PSYoungGen      total 18944K, used 18912K [0x00000000eac00000, 0x00000000ec100000, 0x0000000100000000)
  eden space 16384K, 100% used [0x00000000eac00000,0x00000000ebc00000,0x00000000ebc00000)
  from space 2560K, 98% used [0x00000000ebe80000,0x00000000ec0f8030,0x00000000ec100000)
  to   space 2560K, 0% used [0x00000000ebc00000,0x00000000ebc00000,0x00000000ebe80000)
 ParOldGen       total 44032K, used 5639K [0x00000000c0400000, 0x00000000c2f00000, 0x00000000eac00000)
  object space 44032K, 12% used [0x00000000c0400000,0x00000000c0981e38,0x00000000c2f00000)
 Metaspace       used 17535K, capacity 18350K, committed 18560K, reserved 1064960K
  class space    used 2177K, capacity 2401K, committed 2432K, reserved 1048576K
Event: 88.789 GC heap after
Heap after GC invocations=5 (full 0):
 PSYoungGen      total 18944K, used 2544K [0x00000000eac00000, 0x00000000ec700000, 0x0000000100000000)
  eden space 16384K, 0% used [0x00000000eac00000,0x00000000eac00000,0x00000000ebc00000)
  from space 2560K, 99% used [0x00000000ebc00000,0x00000000ebe7c020,0x00000000ebe80000)
  to   space 5632K, 0% used [0x00000000ec180000,0x00000000ec180000,0x00000000ec700000)
 ParOldGen       total 44032K, used 6592K [0x00000000c0400000, 0x00000000c2f00000, 0x00000000eac00000)
  object space 44032K, 14% used [0x00000000c0400000,0x00000000c0a700b0,0x00000000c2f00000)
 Metaspace       used 17535K, capacity 18350K, committed 18560K, reserved 1064960K
  class space    used 2177K, capacity 2401K, committed 2432K, reserved 1048576K
}
Event: 113.000 GC heap before
{Heap before GC invocations=6 (full 0):
 PSYoungGen      total 18944K, used 18928K [0x00000000eac00000, 0x00000000ec700000, 0x0000000100000000)
  eden space 16384K, 100% used [0x00000000eac00000,0x00000000ebc00000,0x00000000ebc00000)
  from space 2560K, 99% used [0x00000000ebc00000,0x00000000ebe7c020,0x00000000ebe80000)
  to   space 5632K, 0% used [0x00000000ec180000,0x00000000ec180000,0x00000000ec700000)
 ParOldGen       total 44032K, used 6592K [0x00000000c0400000, 0x00000000c2f00000, 0x00000000eac00000)
  object space 44032K, 14% used [0x00000000c0400000,0x00000000c0a700b0,0x00000000c2f00000)
 Metaspace       used 17825K, capacity 18710K, committed 18816K, reserved 1064960K
  class space    used 2193K, capacity 2405K, committed 2432K, reserved 1048576K
Event: 113.005 GC heap after
Heap after GC invocations=6 (full 0):
 PSYoungGen      total 22016K, used 2832K [0x00000000eac00000, 0x00000000ec700000, 0x0000000100000000)
  eden space 16384K, 0% used [0x00000000eac00000,0x00000000eac00000,0x00000000ebc00000)
  from space 5632K, 50% used [0x00000000ec180000,0x00000000ec444040,0x00000000ec700000)
  to   space 5632K, 0% used [0x00000000ebc00000,0x00000000ebc00000,0x00000000ec180000)
 ParOldGen       total 44032K, used 6600K [0x00000000c0400000, 0x00000000c2f00000, 0x00000000eac00000)
  object space 44032K, 14% used [0x00000000c0400000,0x00000000c0a720b0,0x00000000c2f00000)
 Metaspace       used 17825K, capacity 18710K, committed 18816K, reserved 1064960K
  class space    used 2193K, capacity 2405K, committed 2432K, reserved 1048576K
}
Event: 137.120 GC heap before
{Heap before GC invocations=7 (full 0):
 PSYoungGen      total 22016K, used 19194K [0x00000000eac00000, 0x00000000ec700000, 0x0000000100000000)
  eden space 16384K, 99% used [0x00000000eac00000,0x00000000ebbfa9b0,0x00000000ebc00000)
  from space 5632K, 50% used [0x00000000ec180000,0x00000000ec444040,0x00000000ec700000)
  to   space 5632K, 0% used [0x00000000ebc00000,0x00000000ebc00000,0x00000000ec180000)
 ParOldGen       total 44032K, used 6600K [0x00000000c0400000, 0x00000000c2f00000, 0x00000000eac00000)
  object space 44032K, 14% used [0x00000000c0400000,0x00000000c0a720b0,0x00000000c2f00000)
 Metaspace       used 17985K, capacity 18846K, committed 19072K, reserved 1067008K
  class space    used 2193K, capacity 2405K, committed 2432K, reserved 1048576K
Event: 137.124 GC heap after
Heap after GC invocations=7 (full 0):
 PSYoungGen      total 22016K, used 1440K [0x00000000eac00000, 0x00000000ec700000, 0x0000000100000000)
  eden space 16384K, 0% used [0x00000000eac00000,0x00000000eac00000,0x00000000ebc00000)
  from space 5632K, 25% used [0x00000000ebc00000,0x00000000ebd68010,0x00000000ec180000)
  to   space 5632K, 0% used [0x00000000ec180000,0x00000000ec180000,0x00000000ec700000)
 ParOldGen       total 44032K, used 7984K [0x00000000c0400000, 0x00000000c2f00000, 0x00000000eac00000)
  object space 44032K, 18% used [0x00000000c0400000,0x00000000c0bcc1f8,0x00000000c2f00000)
 Metaspace       used 17985K, capacity 18846K, committed 19072K, reserved 1067008K
  class space    used 2193K, capacity 2405K, committed 2432K, reserved 1048576K
}

