# JRE version: Java(TM) SE Runtime Environment (8.0_202-b08) (build 1.8.0_202-b08)
# Java VM: Java HotSpot(TM) 64-Bit Server VM (25.202-b08 mixed mode windows-amd64 compressed oops)
Heap:
 PSYoungGen      total 124928K, used 92489K [0x00000000f5580000, 0x00000000fe400000, 0x0000000100000000)
  eden space 113152K, 77% used [0x00000000f5580000,0x00000000fab411c0,0x00000000fc400000)
  from space 11776K, 39% used [0x00000000fd880000,0x00000000fdd11518,0x00000000fe400000)
  to   space 16384K, 0% used [0x00000000fc400000,0x00000000fc400000,0x00000000fd400000)
 ParOldGen       total 69632K, used 39753K [0x00000000e0000000, 0x00000000e4400000, 0x00000000f5580000)
  object space 69632K, 57% used [0x00000000e0000000,0x00000000e26d24e0,0x00000000e4400000)
 Metaspace       used 67149K, capacity 72926K, committed 73088K, reserved 1112064K
  class space    used 8993K, capacity 10273K, committed 10368K, reserved 1048576K
GC Heap History (10 events):
Event: 7738.583 GC heap before
{Heap before GC invocations=21 (full 3):
 PSYoungGen      total 155136K, used 140511K [0x00000000f5580000, 0x00000000fff80000, 0x0000000100000000)
  eden space 136704K, 100% used [0x00000000f5580000,0x00000000fdb00000,0x00000000fdb00000)
  from space 18432K, 20% used [0x00000000fdb00000,0x00000000fdeb7c90,0x00000000fed00000)
  to   space 17920K, 0% used [0x00000000fee00000,0x00000000fee00000,0x00000000fff80000)
 ParOldGen       total 69632K, used 37558K [0x00000000e0000000, 0x00000000e4400000, 0x00000000f5580000)
  object space 69632K, 53% used [0x00000000e0000000,0x00000000e24ad908,0x00000000e4400000)
 Metaspace       used 64292K, capacity 69570K, committed 69888K, reserved 1110016K
  class space    used 8716K, capacity 9911K, committed 9984K, reserved 1048576K
Event: 7738.720 GC heap after
Heap after GC invocations=21 (full 3):
 PSYoungGen      total 142848K, used 2112K [0x00000000f5580000, 0x00000000ff900000, 0x0000000100000000)
  eden space 131584K, 0% used [0x00000000f5580000,0x00000000f5580000,0x00000000fd600000)
  from space 11264K, 18% used [0x00000000fee00000,0x00000000ff010020,0x00000000ff900000)
  to   space 17920K, 0% used [0x00000000fd600000,0x00000000fd600000,0x00000000fe780000)
 ParOldGen       total 69632K, used 39721K [0x00000000e0000000, 0x00000000e4400000, 0x00000000f5580000)
  object space 69632K, 57% used [0x00000000e0000000,0x00000000e26ca4e0,0x00000000e4400000)
 Metaspace       used 64292K, capacity 69570K, committed 69888K, reserved 1110016K
  class space    used 8716K, capacity 9911K, committed 9984K, reserved 1048576K
}
Event: 9723.900 GC heap before
{Heap before GC invocations=22 (full 3):
 PSYoungGen      total 142848K, used 133696K [0x00000000f5580000, 0x00000000ff900000, 0x0000000100000000)
  eden space 131584K, 100% used [0x00000000f5580000,0x00000000fd600000,0x00000000fd600000)
  from space 11264K, 18% used [0x00000000fee00000,0x00000000ff010020,0x00000000ff900000)
  to   space 17920K, 0% used [0x00000000fd600000,0x00000000fd600000,0x00000000fe780000)
 ParOldGen       total 69632K, used 39721K [0x00000000e0000000, 0x00000000e4400000, 0x00000000f5580000)
  object space 69632K, 57% used [0x00000000e0000000,0x00000000e26ca4e0,0x00000000e4400000)
 Metaspace       used 64893K, capacity 70426K, committed 70656K, reserved 1110016K
  class space    used 8752K, capacity 9947K, committed 9984K, reserved 1048576K
Event: 9727.505 GC heap after
Heap after GC invocations=22 (full 3):
 PSYoungGen      total 135168K, used 8276K [0x00000000f5580000, 0x00000000ff300000, 0x0000000100000000)
  eden space 126464K, 0% used [0x00000000f5580000,0x00000000f5580000,0x00000000fd100000)
  from space 8704K, 95% used [0x00000000fd600000,0x00000000fde153e0,0x00000000fde80000)
  to   space 17408K, 0% used [0x00000000fe200000,0x00000000fe200000,0x00000000ff300000)
 ParOldGen       total 69632K, used 39729K [0x00000000e0000000, 0x00000000e4400000, 0x00000000f5580000)
  object space 69632K, 57% used [0x00000000e0000000,0x00000000e26cc4e0,0x00000000e4400000)
 Metaspace       used 64893K, capacity 70426K, committed 70656K, reserved 1110016K
  class space    used 8752K, capacity 9947K, committed 9984K, reserved 1048576K
}
Event: 10734.331 GC heap before
{Heap before GC invocations=23 (full 3):
 PSYoungGen      total 135168K, used 134740K [0x00000000f5580000, 0x00000000ff300000, 0x0000000100000000)
  eden space 126464K, 100% used [0x00000000f5580000,0x00000000fd100000,0x00000000fd100000)
  from space 8704K, 95% used [0x00000000fd600000,0x00000000fde153e0,0x00000000fde80000)
  to   space 17408K, 0% used [0x00000000fe200000,0x00000000fe200000,0x00000000ff300000)
 ParOldGen       total 69632K, used 39729K [0x00000000e0000000, 0x00000000e4400000, 0x00000000f5580000)
  object space 69632K, 57% used [0x00000000e0000000,0x00000000e26cc4e0,0x00000000e4400000)
 Metaspace       used 65198K, capacity 70706K, committed 70912K, reserved 1110016K
  class space    used 8758K, capacity 9951K, committed 9984K, reserved 1048576K
Event: 10734.603 GC heap after
Heap after GC invocations=23 (full 3):
 PSYoungGen      total 133632K, used 8596K [0x00000000f5580000, 0x00000000fed80000, 0x0000000100000000)
  eden space 121856K, 0% used [0x00000000f5580000,0x00000000f5580000,0x00000000fcc80000)
  from space 11776K, 73% used [0x00000000fe200000,0x00000000fea653c0,0x00000000fed80000)
  to   space 16896K, 0% used [0x00000000fcc80000,0x00000000fcc80000,0x00000000fdd00000)
 ParOldGen       total 69632K, used 39737K [0x00000000e0000000, 0x00000000e4400000, 0x00000000f5580000)
  object space 69632K, 57% used [0x00000000e0000000,0x00000000e26ce4e0,0x00000000e4400000)
 Metaspace       used 65198K, capacity 70706K, committed 70912K, reserved 1110016K
  class space    used 8758K, capacity 9951K, committed 9984K, reserved 1048576K
}
Event: 14109.120 GC heap before
{Heap before GC invocations=24 (full 3):
 PSYoungGen      total 133632K, used 130452K [0x00000000f5580000, 0x00000000fed80000, 0x0000000100000000)
  eden space 121856K, 100% used [0x00000000f5580000,0x00000000fcc80000,0x00000000fcc80000)
  from space 11776K, 73% used [0x00000000fe200000,0x00000000fea653c0,0x00000000fed80000)
  to   space 16896K, 0% used [0x00000000fcc80000,0x00000000fcc80000,0x00000000fdd00000)
 ParOldGen       total 69632K, used 39737K [0x00000000e0000000, 0x00000000e4400000, 0x00000000f5580000)
  object space 69632K, 57% used [0x00000000e0000000,0x00000000e26ce4e0,0x00000000e4400000)
 Metaspace       used 65375K, capacity 70900K, committed 71168K, reserved 1110016K
  class space    used 8766K, capacity 9962K, committed 9984K, reserved 1048576K
Event: 14109.299 GC heap after
Heap after GC invocations=24 (full 3):
 PSYoungGen      total 119296K, used 1536K [0x00000000f5580000, 0x00000000fe900000, 0x0000000100000000)
  eden space 117248K, 0% used [0x00000000f5580000,0x00000000f5580000,0x00000000fc800000)
  from space 2048K, 75% used [0x00000000fcc80000,0x00000000fce00020,0x00000000fce80000)
  to   space 16896K, 0% used [0x00000000fd880000,0x00000000fd880000,0x00000000fe900000)
 ParOldGen       total 69632K, used 39745K [0x00000000e0000000, 0x00000000e4400000, 0x00000000f5580000)
  object space 69632K, 57% used [0x00000000e0000000,0x00000000e26d04e0,0x00000000e4400000)
 Metaspace       used 65375K, capacity 70900K, committed 71168K, reserved 1110016K
  class space    used 8766K, capacity 9962K, committed 9984K, reserved 1048576K
}
Event: 15253.159 GC heap before
{Heap before GC invocations=25 (full 3):
 PSYoungGen      total 119296K, used 118784K [0x00000000f5580000, 0x00000000fe900000, 0x0000000100000000)
  eden space 117248K, 100% used [0x00000000f5580000,0x00000000fc800000,0x00000000fc800000)
  from space 2048K, 75% used [0x00000000fcc80000,0x00000000fce00020,0x00000000fce80000)
  to   space 16896K, 0% used [0x00000000fd880000,0x00000000fd880000,0x00000000fe900000)
 ParOldGen       total 69632K, used 39745K [0x00000000e0000000, 0x00000000e4400000, 0x00000000f5580000)
  object space 69632K, 57% used [0x00000000e0000000,0x00000000e26d04e0,0x00000000e4400000)
 Metaspace       used 66936K, capacity 72726K, committed 73088K, reserved 1112064K
  class space    used 8986K, capacity 10261K, committed 10368K, reserved 1048576K
Event: 15254.241 GC heap after
Heap after GC invocations=25 (full 3):
 PSYoungGen      total 124928K, used 4677K [0x00000000f5580000, 0x00000000fe400000, 0x0000000100000000)
  eden space 113152K, 0% used [0x00000000f5580000,0x00000000f5580000,0x00000000fc400000)
  from space 11776K, 39% used [0x00000000fd880000,0x00000000fdd11518,0x00000000fe400000)
  to   space 16384K, 0% used [0x00000000fc400000,0x00000000fc400000,0x00000000fd400000)
 ParOldGen       total 69632K, used 39753K [0x00000000e0000000, 0x00000000e4400000, 0x00000000f5580000)
  object space 69632K, 57% used [0x00000000e0000000,0x00000000e26d24e0,0x00000000e4400000)
 Metaspace       used 66936K, capacity 72726K, committed 73088K, reserved 1112064K
  class space    used 8986K, capacity 10261K, committed 10368K, reserved 1048576K
}

