# JRE version: Java(TM) SE Runtime Environment (8.0_202-b08) (build 1.8.0_202-b08)
# Java VM: Java HotSpot(TM) 64-Bit Server VM (25.202-b08 mixed mode windows-amd64 compressed oops)
Heap:
 PSYoungGen      total 84992K, used 47663K [0x00000000f5580000, 0x00000000fb500000, 0x0000000100000000)
  eden space 77312K, 57% used [0x00000000f5580000,0x00000000f80c36f0,0x00000000fa100000)
  from space 7680K, 43% used [0x00000000fad80000,0x00000000fb0c8640,0x00000000fb500000)
  to   space 10240K, 0% used [0x00000000fa100000,0x00000000fa100000,0x00000000fab00000)
 ParOldGen       total 45568K, used 16821K [0x00000000e0000000, 0x00000000e2c80000, 0x00000000f5580000)
  object space 45568K, 36% used [0x00000000e0000000,0x00000000e106d558,0x00000000e2c80000)
 Metaspace       used 41290K, capacity 42156K, committed 42496K, reserved 1085440K
  class space    used 5794K, capacity 6073K, committed 6144K, reserved 1048576K
GC Heap History (10 events):
Event: 25.213 GC heap before
{Heap before GC invocations=10 (full 1):
 PSYoungGen      total 68608K, used 68503K [0x00000000f5580000, 0x00000000fa400000, 0x0000000100000000)
  eden space 59904K, 100% used [0x00000000f5580000,0x00000000f9000000,0x00000000f9000000)
  from space 8704K, 98% used [0x00000000f9b80000,0x00000000fa3e5e78,0x00000000fa400000)
  to   space 10240K, 0% used [0x00000000f9000000,0x00000000f9000000,0x00000000f9a00000)
 ParOldGen       total 32768K, used 10025K [0x00000000e0000000, 0x00000000e2000000, 0x00000000f5580000)
  object space 32768K, 30% used [0x00000000e0000000,0x00000000e09ca6a8,0x00000000e2000000)
 Metaspace       used 32450K, capacity 32898K, committed 33152K, reserved 1077248K
  class space    used 4490K, capacity 4660K, committed 4736K, reserved 1048576K
Event: 25.222 GC heap after
Heap after GC invocations=10 (full 1):
 PSYoungGen      total 67072K, used 8922K [0x00000000f5580000, 0x00000000fa400000, 0x0000000100000000)
  eden space 57856K, 0% used [0x00000000f5580000,0x00000000f5580000,0x00000000f8e00000)
  from space 9216K, 96% used [0x00000000f9000000,0x00000000f98b6a00,0x00000000f9900000)
  to   space 11264K, 0% used [0x00000000f9900000,0x00000000f9900000,0x00000000fa400000)
 ParOldGen       total 32768K, used 10033K [0x00000000e0000000, 0x00000000e2000000, 0x00000000f5580000)
  object space 32768K, 30% used [0x00000000e0000000,0x00000000e09cc6a8,0x00000000e2000000)
 Metaspace       used 32450K, capacity 32898K, committed 33152K, reserved 1077248K
  class space    used 4490K, capacity 4660K, committed 4736K, reserved 1048576K
}
Event: 26.242 GC heap before
{Heap before GC invocations=11 (full 1):
 PSYoungGen      total 67072K, used 40033K [0x00000000f5580000, 0x00000000fa400000, 0x0000000100000000)
  eden space 57856K, 53% used [0x00000000f5580000,0x00000000f73e1a30,0x00000000f8e00000)
  from space 9216K, 96% used [0x00000000f9000000,0x00000000f98b6a00,0x00000000f9900000)
  to   space 11264K, 0% used [0x00000000f9900000,0x00000000f9900000,0x00000000fa400000)
 ParOldGen       total 32768K, used 10033K [0x00000000e0000000, 0x00000000e2000000, 0x00000000f5580000)
  object space 32768K, 30% used [0x00000000e0000000,0x00000000e09cc6a8,0x00000000e2000000)
 Metaspace       used 34582K, capacity 35282K, committed 35456K, reserved 1079296K
  class space    used 4687K, capacity 4918K, committed 4992K, reserved 1048576K
Event: 26.272 GC heap after
Heap after GC invocations=11 (full 1):
 PSYoungGen      total 69632K, used 4284K [0x00000000f5580000, 0x00000000fc080000, 0x0000000100000000)
  eden space 58368K, 0% used [0x00000000f5580000,0x00000000f5580000,0x00000000f8e80000)
  from space 11264K, 38% used [0x00000000f9900000,0x00000000f9d2f060,0x00000000fa400000)
  to   space 10752K, 0% used [0x00000000f8e80000,0x00000000f8e80000,0x00000000f9900000)
 ParOldGen       total 32768K, used 14173K [0x00000000e0000000, 0x00000000e2000000, 0x00000000f5580000)
  object space 32768K, 43% used [0x00000000e0000000,0x00000000e0dd77c8,0x00000000e2000000)
 Metaspace       used 34582K, capacity 35282K, committed 35456K, reserved 1079296K
  class space    used 4687K, capacity 4918K, committed 4992K, reserved 1048576K
}
Event: 26.272 GC heap before
{Heap before GC invocations=12 (full 2):
 PSYoungGen      total 69632K, used 4284K [0x00000000f5580000, 0x00000000fc080000, 0x0000000100000000)
  eden space 58368K, 0% used [0x00000000f5580000,0x00000000f5580000,0x00000000f8e80000)
  from space 11264K, 38% used [0x00000000f9900000,0x00000000f9d2f060,0x00000000fa400000)
  to   space 10752K, 0% used [0x00000000f8e80000,0x00000000f8e80000,0x00000000f9900000)
 ParOldGen       total 32768K, used 14173K [0x00000000e0000000, 0x00000000e2000000, 0x00000000f5580000)
  object space 32768K, 43% used [0x00000000e0000000,0x00000000e0dd77c8,0x00000000e2000000)
 Metaspace       used 34582K, capacity 35282K, committed 35456K, reserved 1079296K
  class space    used 4687K, capacity 4918K, committed 4992K, reserved 1048576K
Event: 26.360 GC heap after
Heap after GC invocations=12 (full 2):
 PSYoungGen      total 69632K, used 0K [0x00000000f5580000, 0x00000000fc080000, 0x0000000100000000)
  eden space 58368K, 0% used [0x00000000f5580000,0x00000000f5580000,0x00000000f8e80000)
  from space 11264K, 0% used [0x00000000f9900000,0x00000000f9900000,0x00000000fa400000)
  to   space 10752K, 0% used [0x00000000f8e80000,0x00000000f8e80000,0x00000000f9900000)
 ParOldGen       total 45568K, used 14361K [0x00000000e0000000, 0x00000000e2c80000, 0x00000000f5580000)
  object space 45568K, 31% used [0x00000000e0000000,0x00000000e0e06648,0x00000000e2c80000)
 Metaspace       used 34530K, capacity 35150K, committed 35456K, reserved 1079296K
  class space    used 4674K, capacity 4874K, committed 4992K, reserved 1048576K
}
Event: 27.768 GC heap before
{Heap before GC invocations=13 (full 2):
 PSYoungGen      total 69632K, used 58368K [0x00000000f5580000, 0x00000000fc080000, 0x0000000100000000)
  eden space 58368K, 100% used [0x00000000f5580000,0x00000000f8e80000,0x00000000f8e80000)
  from space 11264K, 0% used [0x00000000f9900000,0x00000000f9900000,0x00000000fa400000)
  to   space 10752K, 0% used [0x00000000f8e80000,0x00000000f8e80000,0x00000000f9900000)
 ParOldGen       total 45568K, used 14361K [0x00000000e0000000, 0x00000000e2c80000, 0x00000000f5580000)
  object space 45568K, 31% used [0x00000000e0000000,0x00000000e0e06648,0x00000000e2c80000)
 Metaspace       used 37669K, capacity 38376K, committed 38656K, reserved 1083392K
  class space    used 5249K, capacity 5514K, committed 5632K, reserved 1048576K
Event: 27.784 GC heap after
Heap after GC invocations=13 (full 2):
 PSYoungGen      total 69120K, used 5077K [0x00000000f5580000, 0x00000000fb780000, 0x0000000100000000)
  eden space 58368K, 0% used [0x00000000f5580000,0x00000000f5580000,0x00000000f8e80000)
  from space 10752K, 47% used [0x00000000f8e80000,0x00000000f9375420,0x00000000f9900000)
  to   space 10240K, 0% used [0x00000000fad80000,0x00000000fad80000,0x00000000fb780000)
 ParOldGen       total 45568K, used 14369K [0x00000000e0000000, 0x00000000e2c80000, 0x00000000f5580000)
  object space 45568K, 31% used [0x00000000e0000000,0x00000000e0e08648,0x00000000e2c80000)
 Metaspace       used 37669K, capacity 38376K, committed 38656K, reserved 1083392K
  class space    used 5249K, capacity 5514K, committed 5632K, reserved 1048576K
}
Event: 53.988 GC heap before
{Heap before GC invocations=14 (full 2):
 PSYoungGen      total 69120K, used 63445K [0x00000000f5580000, 0x00000000fb780000, 0x0000000100000000)
  eden space 58368K, 100% used [0x00000000f5580000,0x00000000f8e80000,0x00000000f8e80000)
  from space 10752K, 47% used [0x00000000f8e80000,0x00000000f9375420,0x00000000f9900000)
  to   space 10240K, 0% used [0x00000000fad80000,0x00000000fad80000,0x00000000fb780000)
 ParOldGen       total 45568K, used 14369K [0x00000000e0000000, 0x00000000e2c80000, 0x00000000f5580000)
  object space 45568K, 31% used [0x00000000e0000000,0x00000000e0e08648,0x00000000e2c80000)
 Metaspace       used 39201K, capacity 40084K, committed 40320K, reserved 1083392K
  class space    used 5461K, capacity 5749K, committed 5760K, reserved 1048576K
Event: 53.994 GC heap after
Heap after GC invocations=14 (full 2):
 PSYoungGen      total 84992K, used 3361K [0x00000000f5580000, 0x00000000fb500000, 0x0000000100000000)
  eden space 77312K, 0% used [0x00000000f5580000,0x00000000f5580000,0x00000000fa100000)
  from space 7680K, 43% used [0x00000000fad80000,0x00000000fb0c8640,0x00000000fb500000)
  to   space 10240K, 0% used [0x00000000fa100000,0x00000000fa100000,0x00000000fab00000)
 ParOldGen       total 45568K, used 16821K [0x00000000e0000000, 0x00000000e2c80000, 0x00000000f5580000)
  object space 45568K, 36% used [0x00000000e0000000,0x00000000e106d558,0x00000000e2c80000)
 Metaspace       used 39201K, capacity 40084K, committed 40320K, reserved 1083392K
  class space    used 5461K, capacity 5749K, committed 5760K, reserved 1048576K
}

